2026-04-12T17:55:52.335Z [INFO]: Servidor WebSocket escoltant al port 8080
2026-04-12T17:55:52.361Z [INFO]: Connectat a MongoDB
2026-04-12T17:59:19.224Z [INFO]: Nou client connectat: client_1776016759224_lsywlarqj
2026-04-12T17:59:40.226Z [INFO]: Missatge rebut de client_1776016759224_lsywlarqj: {"tipus":"moviment","x":0,"y":1}
2026-04-12T17:59:40.227Z [INFO]: Nova partida partida_1776016780227_1 per al client client_1776016759224_lsywlarqj
2026-04-12T17:59:40.951Z [INFO]: Missatge rebut de client_1776016759224_lsywlarqj: {"tipus":"moviment","x":0,"y":0}
2026-04-12T17:59:41.333Z [INFO]: Missatge rebut de client_1776016759224_lsywlarqj: {"tipus":"moviment","x":-1,"y":0}
2026-04-12T17:59:41.787Z [INFO]: Missatge rebut de client_1776016759224_lsywlarqj: {"tipus":"moviment","x":0,"y":0}
2026-04-12T17:59:42.225Z [INFO]: Missatge rebut de client_1776016759224_lsywlarqj: {"tipus":"moviment","x":1,"y":0}
2026-04-12T17:59:42.813Z [INFO]: Missatge rebut de client_1776016759224_lsywlarqj: {"tipus":"moviment","x":1,"y":1}
2026-04-12T17:59:43.194Z [INFO]: Missatge rebut de client_1776016759224_lsywlarqj: {"tipus":"moviment","x":1,"y":0}
2026-04-12T17:59:43.423Z [INFO]: Missatge rebut de client_1776016759224_lsywlarqj: {"tipus":"moviment","x":0,"y":0}
2026-04-12T17:59:53.447Z [INFO]: Partida partida_1776016780227_1 finalitzada. Distància: 1.00
2026-04-12T18:00:05.539Z [INFO]: Missatge rebut de client_1776016759224_lsywlarqj: {"tipus":"moviment","x":0,"y":1}
2026-04-12T18:00:05.539Z [INFO]: Nova partida partida_1776016805539_2 per al client client_1776016759224_lsywlarqj
2026-04-12T18:00:05.879Z [INFO]: Missatge rebut de client_1776016759224_lsywlarqj: {"tipus":"moviment","x":-1,"y":1}
2026-04-12T18:00:07.801Z [INFO]: Missatge rebut de client_1776016759224_lsywlarqj: {"tipus":"moviment","x":0,"y":1}
2026-04-12T18:00:07.989Z [INFO]: Missatge rebut de client_1776016759224_lsywlarqj: {"tipus":"moviment","x":0,"y":0}
2026-04-12T18:00:08.333Z [INFO]: Missatge rebut de client_1776016759224_lsywlarqj: {"tipus":"moviment","x":0,"y":1}
2026-04-12T18:00:08.576Z [INFO]: Missatge rebut de client_1776016759224_lsywlarqj: {"tipus":"moviment","x":-1,"y":1}
2026-04-12T18:00:08.862Z [INFO]: Missatge rebut de client_1776016759224_lsywlarqj: {"tipus":"moviment","x":0,"y":1}
2026-04-12T18:00:09.261Z [INFO]: Missatge rebut de client_1776016759224_lsywlarqj: {"tipus":"moviment","x":0,"y":2}
2026-04-12T18:00:09.679Z [INFO]: Missatge rebut de client_1776016759224_lsywlarqj: {"tipus":"moviment","x":-1,"y":2}
2026-04-12T18:00:09.925Z [INFO]: Missatge rebut de client_1776016759224_lsywlarqj: {"tipus":"moviment","x":-1,"y":1}
2026-04-12T18:00:10.133Z [INFO]: Missatge rebut de client_1776016759224_lsywlarqj: {"tipus":"moviment","x":-1,"y":2}
2026-04-12T18:00:10.362Z [INFO]: Missatge rebut de client_1776016759224_lsywlarqj: {"tipus":"moviment","x":-2,"y":2}
2026-04-12T18:00:10.816Z [INFO]: Missatge rebut de client_1776016759224_lsywlarqj: {"tipus":"moviment","x":-2,"y":1}
2026-04-12T18:00:11.310Z [INFO]: Missatge rebut de client_1776016759224_lsywlarqj: {"tipus":"moviment","x":-2,"y":0}
2026-04-12T18:00:11.538Z [INFO]: Missatge rebut de client_1776016759224_lsywlarqj: {"tipus":"moviment","x":-3,"y":0}
2026-04-12T18:00:11.993Z [INFO]: Missatge rebut de client_1776016759224_lsywlarqj: {"tipus":"moviment","x":-3,"y":1}
2026-04-12T18:00:13.021Z [INFO]: Missatge rebut de client_1776016759224_lsywlarqj: {"tipus":"moviment","x":-2,"y":1}
2026-04-12T18:00:13.324Z [INFO]: Missatge rebut de client_1776016759224_lsywlarqj: {"tipus":"moviment","x":-3,"y":1}
2026-04-12T18:00:13.948Z [INFO]: Missatge rebut de client_1776016759224_lsywlarqj: {"tipus":"moviment","x":-3,"y":2}
2026-04-12T18:00:14.369Z [INFO]: Missatge rebut de client_1776016759224_lsywlarqj: {"tipus":"moviment","x":-3,"y":3}
2026-04-12T18:00:14.707Z [INFO]: Missatge rebut de client_1776016759224_lsywlarqj: {"tipus":"moviment","x":-4,"y":3}
2026-04-12T18:00:14.922Z [INFO]: Missatge rebut de client_1776016759224_lsywlarqj: {"tipus":"moviment","x":-3,"y":3}
2026-04-12T18:00:15.138Z [INFO]: Missatge rebut de client_1776016759224_lsywlarqj: {"tipus":"moviment","x":-3,"y":4}
2026-04-12T18:00:15.599Z [INFO]: Missatge rebut de client_1776016759224_lsywlarqj: {"tipus":"moviment","x":-4,"y":4}
2026-04-12T18:00:15.845Z [INFO]: Missatge rebut de client_1776016759224_lsywlarqj: {"tipus":"moviment","x":-4,"y":3}
2026-04-12T18:00:16.059Z [INFO]: Missatge rebut de client_1776016759224_lsywlarqj: {"tipus":"moviment","x":-4,"y":4}
2026-04-12T18:00:16.246Z [INFO]: Missatge rebut de client_1776016759224_lsywlarqj: {"tipus":"moviment","x":-5,"y":4}
2026-04-12T18:00:16.643Z [INFO]: Missatge rebut de client_1776016759224_lsywlarqj: {"tipus":"moviment","x":-4,"y":4}
2026-04-12T18:00:16.853Z [INFO]: Missatge rebut de client_1776016759224_lsywlarqj: {"tipus":"moviment","x":-4,"y":5}
2026-04-12T18:00:18.103Z [INFO]: Missatge rebut de client_1776016759224_lsywlarqj: {"tipus":"moviment","x":-5,"y":5}
2026-04-12T18:00:18.332Z [INFO]: Missatge rebut de client_1776016759224_lsywlarqj: {"tipus":"moviment","x":-4,"y":5}
2026-04-12T18:00:18.502Z [INFO]: Missatge rebut de client_1776016759224_lsywlarqj: {"tipus":"moviment","x":-4,"y":6}
2026-04-12T18:00:28.513Z [INFO]: Partida partida_1776016805539_2 finalitzada. Distància: 6.40
2026-04-14T15:54:25.700Z [INFO]: Servidor WebSocket escoltant al port 8080
2026-04-14T15:54:25.709Z [INFO]: Connectat a MongoDB
2026-04-14T15:54:43.098Z [INFO]: Nou client connectat: client_1776182083098_v0fxuwz5m
2026-04-14T15:54:46.120Z [INFO]: Missatge rebut de client_1776182083098_v0fxuwz5m: {"tipus":"moviment","x":0,"y":-1}
2026-04-14T15:54:46.120Z [INFO]: Nova partida partida_1776182086120_1 per al client client_1776182083098_v0fxuwz5m
2026-04-14T15:54:46.888Z [INFO]: Missatge rebut de client_1776182083098_v0fxuwz5m: {"tipus":"moviment","x":1,"y":-1}
2026-04-14T15:54:47.853Z [INFO]: Missatge rebut de client_1776182083098_v0fxuwz5m: {"tipus":"moviment","x":0,"y":-1}
2026-04-14T15:54:50.289Z [INFO]: Missatge rebut de client_1776182083098_v0fxuwz5m: {"tipus":"moviment","x":0,"y":0}
2026-04-14T15:54:51.213Z [INFO]: Missatge rebut de client_1776182083098_v0fxuwz5m: {"tipus":"moviment","x":0,"y":1}
2026-04-14T15:54:51.554Z [INFO]: Missatge rebut de client_1776182083098_v0fxuwz5m: {"tipus":"moviment","x":0,"y":2}
2026-04-14T15:54:52.031Z [INFO]: Missatge rebut de client_1776182083098_v0fxuwz5m: {"tipus":"moviment","x":0,"y":3}
2026-04-14T15:54:52.405Z [INFO]: Missatge rebut de client_1776182083098_v0fxuwz5m: {"tipus":"moviment","x":0,"y":4}
2026-04-14T15:54:53.065Z [INFO]: Missatge rebut de client_1776182083098_v0fxuwz5m: {"tipus":"moviment","x":0,"y":5}
2026-04-14T15:54:53.479Z [INFO]: Missatge rebut de client_1776182083098_v0fxuwz5m: {"tipus":"moviment","x":0,"y":4}
2026-04-14T15:54:53.676Z [INFO]: Missatge rebut de client_1776182083098_v0fxuwz5m: {"tipus":"moviment","x":0,"y":3}
2026-04-14T15:54:54.082Z [INFO]: Missatge rebut de client_1776182083098_v0fxuwz5m: {"tipus":"moviment","x":0,"y":2}
2026-04-14T15:54:54.406Z [INFO]: Missatge rebut de client_1776182083098_v0fxuwz5m: {"tipus":"moviment","x":0,"y":1}
2026-04-14T15:54:54.650Z [INFO]: Missatge rebut de client_1776182083098_v0fxuwz5m: {"tipus":"moviment","x":0,"y":0}
2026-04-14T15:54:55.161Z [INFO]: Missatge rebut de client_1776182083098_v0fxuwz5m: {"tipus":"moviment","x":1,"y":0}
2026-04-14T15:54:55.539Z [INFO]: Missatge rebut de client_1776182083098_v0fxuwz5m: {"tipus":"moviment","x":2,"y":0}
2026-04-14T15:54:55.871Z [INFO]: Missatge rebut de client_1776182083098_v0fxuwz5m: {"tipus":"moviment","x":3,"y":0}
2026-04-14T15:54:56.158Z [INFO]: Missatge rebut de client_1776182083098_v0fxuwz5m: {"tipus":"moviment","x":4,"y":0}
2026-04-14T15:54:56.734Z [INFO]: Missatge rebut de client_1776182083098_v0fxuwz5m: {"tipus":"moviment","x":5,"y":0}
2026-04-14T15:54:57.320Z [INFO]: Missatge rebut de client_1776182083098_v0fxuwz5m: {"tipus":"moviment","x":5,"y":1}
2026-04-14T15:54:57.574Z [INFO]: Missatge rebut de client_1776182083098_v0fxuwz5m: {"tipus":"moviment","x":5,"y":2}
2026-04-14T15:54:57.865Z [INFO]: Missatge rebut de client_1776182083098_v0fxuwz5m: {"tipus":"moviment","x":5,"y":3}
2026-04-14T15:54:58.148Z [INFO]: Missatge rebut de client_1776182083098_v0fxuwz5m: {"tipus":"moviment","x":5,"y":4}
2026-04-14T15:54:58.426Z [INFO]: Missatge rebut de client_1776182083098_v0fxuwz5m: {"tipus":"moviment","x":5,"y":5}
2026-04-14T15:54:58.926Z [INFO]: Missatge rebut de client_1776182083098_v0fxuwz5m: {"tipus":"moviment","x":5,"y":4}
2026-04-14T15:54:59.109Z [INFO]: Missatge rebut de client_1776182083098_v0fxuwz5m: {"tipus":"moviment","x":5,"y":3}
2026-04-14T15:54:59.314Z [INFO]: Missatge rebut de client_1776182083098_v0fxuwz5m: {"tipus":"moviment","x":5,"y":2}
2026-04-14T15:54:59.528Z [INFO]: Missatge rebut de client_1776182083098_v0fxuwz5m: {"tipus":"moviment","x":5,"y":1}
2026-04-14T15:54:59.956Z [INFO]: Missatge rebut de client_1776182083098_v0fxuwz5m: {"tipus":"moviment","x":4,"y":1}
2026-04-14T15:55:00.149Z [INFO]: Missatge rebut de client_1776182083098_v0fxuwz5m: {"tipus":"moviment","x":3,"y":1}
2026-04-14T15:55:00.348Z [INFO]: Missatge rebut de client_1776182083098_v0fxuwz5m: {"tipus":"moviment","x":2,"y":1}
2026-04-14T15:55:00.718Z [INFO]: Missatge rebut de client_1776182083098_v0fxuwz5m: {"tipus":"moviment","x":1,"y":1}
2026-04-14T15:55:01.590Z [INFO]: Missatge rebut de client_1776182083098_v0fxuwz5m: {"tipus":"moviment","x":1,"y":0}
2026-04-14T15:55:02.062Z [INFO]: Missatge rebut de client_1776182083098_v0fxuwz5m: {"tipus":"moviment","x":0,"y":0}
2026-04-14T15:55:07.728Z [INFO]: Missatge rebut de client_1776182083098_v0fxuwz5m: {"tipus":"moviment","x":0,"y":-1}
2026-04-14T15:55:08.171Z [INFO]: Missatge rebut de client_1776182083098_v0fxuwz5m: {"tipus":"moviment","x":-1,"y":-1}
2026-04-14T15:55:08.345Z [INFO]: Missatge rebut de client_1776182083098_v0fxuwz5m: {"tipus":"moviment","x":-1,"y":0}
2026-04-14T15:55:08.393Z [INFO]: Missatge rebut de client_1776182083098_v0fxuwz5m: {"tipus":"moviment","x":0,"y":0}
2026-04-14T15:55:08.778Z [INFO]: Missatge rebut de client_1776182083098_v0fxuwz5m: {"tipus":"moviment","x":0,"y":-1}
2026-04-14T15:55:09.098Z [INFO]: Missatge rebut de client_1776182083098_v0fxuwz5m: {"tipus":"moviment","x":0,"y":-2}
2026-04-14T15:55:09.599Z [INFO]: Missatge rebut de client_1776182083098_v0fxuwz5m: {"tipus":"moviment","x":0,"y":-3}
2026-04-14T15:55:09.629Z [INFO]: Missatge rebut de client_1776182083098_v0fxuwz5m: {"tipus":"moviment","x":0,"y":-4}
2026-04-14T15:55:09.661Z [INFO]: Missatge rebut de client_1776182083098_v0fxuwz5m: {"tipus":"moviment","x":0,"y":-5}
2026-04-14T15:55:09.688Z [INFO]: Missatge rebut de client_1776182083098_v0fxuwz5m: {"tipus":"moviment","x":0,"y":-6}
2026-04-14T15:55:09.727Z [INFO]: Missatge rebut de client_1776182083098_v0fxuwz5m: {"tipus":"moviment","x":0,"y":-7}
2026-04-14T15:55:09.758Z [INFO]: Missatge rebut de client_1776182083098_v0fxuwz5m: {"tipus":"moviment","x":0,"y":-8}
2026-04-14T15:55:09.792Z [INFO]: Missatge rebut de client_1776182083098_v0fxuwz5m: {"tipus":"moviment","x":0,"y":-9}
2026-04-14T15:55:09.809Z [INFO]: Missatge rebut de client_1776182083098_v0fxuwz5m: {"tipus":"moviment","x":0,"y":-10}
2026-04-14T15:55:09.838Z [INFO]: Missatge rebut de client_1776182083098_v0fxuwz5m: {"tipus":"moviment","x":0,"y":-11}
2026-04-14T15:55:09.870Z [INFO]: Missatge rebut de client_1776182083098_v0fxuwz5m: {"tipus":"moviment","x":0,"y":-12}
2026-04-14T15:55:09.911Z [INFO]: Missatge rebut de client_1776182083098_v0fxuwz5m: {"tipus":"moviment","x":0,"y":-13}
2026-04-14T15:55:09.928Z [INFO]: Missatge rebut de client_1776182083098_v0fxuwz5m: {"tipus":"moviment","x":0,"y":-14}
2026-04-14T15:55:09.958Z [INFO]: Missatge rebut de client_1776182083098_v0fxuwz5m: {"tipus":"moviment","x":0,"y":-15}
2026-04-14T15:55:09.993Z [INFO]: Missatge rebut de client_1776182083098_v0fxuwz5m: {"tipus":"moviment","x":0,"y":-16}
2026-04-14T15:55:10.026Z [INFO]: Missatge rebut de client_1776182083098_v0fxuwz5m: {"tipus":"moviment","x":0,"y":-17}
2026-04-14T15:55:10.058Z [INFO]: Missatge rebut de client_1776182083098_v0fxuwz5m: {"tipus":"moviment","x":0,"y":-18}
2026-04-14T15:55:10.079Z [INFO]: Missatge rebut de client_1776182083098_v0fxuwz5m: {"tipus":"moviment","x":0,"y":-19}
2026-04-14T15:55:10.108Z [INFO]: Missatge rebut de client_1776182083098_v0fxuwz5m: {"tipus":"moviment","x":0,"y":-20}
2026-04-14T15:55:10.143Z [INFO]: Missatge rebut de client_1776182083098_v0fxuwz5m: {"tipus":"moviment","x":0,"y":-21}
2026-04-14T15:55:10.170Z [INFO]: Missatge rebut de client_1776182083098_v0fxuwz5m: {"tipus":"moviment","x":0,"y":-22}
2026-04-14T15:55:10.203Z [INFO]: Missatge rebut de client_1776182083098_v0fxuwz5m: {"tipus":"moviment","x":0,"y":-23}
2026-04-14T15:55:10.228Z [INFO]: Missatge rebut de client_1776182083098_v0fxuwz5m: {"tipus":"moviment","x":0,"y":-24}
2026-04-14T15:55:10.258Z [INFO]: Missatge rebut de client_1776182083098_v0fxuwz5m: {"tipus":"moviment","x":0,"y":-25}
2026-04-14T15:55:10.288Z [INFO]: Missatge rebut de client_1776182083098_v0fxuwz5m: {"tipus":"moviment","x":0,"y":-26}
2026-04-14T15:55:10.296Z [INFO]: Missatge rebut de client_1776182083098_v0fxuwz5m: {"tipus":"moviment","x":-1,"y":-26}
2026-04-14T15:55:10.798Z [INFO]: Missatge rebut de client_1776182083098_v0fxuwz5m: {"tipus":"moviment","x":-2,"y":-26}
2026-04-14T15:55:10.828Z [INFO]: Missatge rebut de client_1776182083098_v0fxuwz5m: {"tipus":"moviment","x":-3,"y":-26}
2026-04-14T15:55:10.858Z [INFO]: Missatge rebut de client_1776182083098_v0fxuwz5m: {"tipus":"moviment","x":-4,"y":-26}
2026-04-14T15:55:10.888Z [INFO]: Missatge rebut de client_1776182083098_v0fxuwz5m: {"tipus":"moviment","x":-5,"y":-26}
2026-04-14T15:55:10.920Z [INFO]: Missatge rebut de client_1776182083098_v0fxuwz5m: {"tipus":"moviment","x":-6,"y":-26}
2026-04-14T15:55:10.955Z [INFO]: Missatge rebut de client_1776182083098_v0fxuwz5m: {"tipus":"moviment","x":-7,"y":-26}
2026-04-14T15:55:10.992Z [INFO]: Missatge rebut de client_1776182083098_v0fxuwz5m: {"tipus":"moviment","x":-8,"y":-26}
2026-04-14T15:55:11.009Z [INFO]: Missatge rebut de client_1776182083098_v0fxuwz5m: {"tipus":"moviment","x":-9,"y":-26}
2026-04-14T15:55:11.039Z [INFO]: Missatge rebut de client_1776182083098_v0fxuwz5m: {"tipus":"moviment","x":-10,"y":-26}
2026-04-14T15:55:11.078Z [INFO]: Missatge rebut de client_1776182083098_v0fxuwz5m: {"tipus":"moviment","x":-11,"y":-26}
2026-04-14T15:55:11.109Z [INFO]: Missatge rebut de client_1776182083098_v0fxuwz5m: {"tipus":"moviment","x":-12,"y":-26}
2026-04-14T15:55:11.142Z [INFO]: Missatge rebut de client_1776182083098_v0fxuwz5m: {"tipus":"moviment","x":-13,"y":-26}
2026-04-14T15:55:11.160Z [INFO]: Missatge rebut de client_1776182083098_v0fxuwz5m: {"tipus":"moviment","x":-14,"y":-26}
2026-04-14T15:55:11.176Z [INFO]: Missatge rebut de client_1776182083098_v0fxuwz5m: {"tipus":"moviment","x":-13,"y":-26}
2026-04-14T15:55:11.676Z [INFO]: Missatge rebut de client_1776182083098_v0fxuwz5m: {"tipus":"moviment","x":-12,"y":-26}
2026-04-14T15:55:11.706Z [INFO]: Missatge rebut de client_1776182083098_v0fxuwz5m: {"tipus":"moviment","x":-11,"y":-26}
2026-04-14T15:55:11.737Z [INFO]: Missatge rebut de client_1776182083098_v0fxuwz5m: {"tipus":"moviment","x":-10,"y":-26}
2026-04-14T15:55:11.767Z [INFO]: Missatge rebut de client_1776182083098_v0fxuwz5m: {"tipus":"moviment","x":-9,"y":-26}
2026-04-14T15:55:11.797Z [INFO]: Missatge rebut de client_1776182083098_v0fxuwz5m: {"tipus":"moviment","x":-8,"y":-26}
2026-04-14T15:55:11.828Z [INFO]: Missatge rebut de client_1776182083098_v0fxuwz5m: {"tipus":"moviment","x":-7,"y":-26}
2026-04-14T15:55:11.858Z [INFO]: Missatge rebut de client_1776182083098_v0fxuwz5m: {"tipus":"moviment","x":-6,"y":-26}
2026-04-14T15:55:11.862Z [INFO]: Missatge rebut de client_1776182083098_v0fxuwz5m: {"tipus":"moviment","x":-6,"y":-25}
2026-04-14T15:55:12.177Z [INFO]: Missatge rebut de client_1776182083098_v0fxuwz5m: {"tipus":"moviment","x":-6,"y":-26}
2026-04-14T15:55:12.303Z [INFO]: Missatge rebut de client_1776182083098_v0fxuwz5m: {"tipus":"moviment","x":-5,"y":-26}
2026-04-14T15:55:12.650Z [INFO]: Missatge rebut de client_1776182083098_v0fxuwz5m: {"tipus":"moviment","x":-5,"y":-27}
2026-04-14T15:55:22.653Z [INFO]: Partida partida_1776182086120_1 finalitzada. Distància: 26.48
2026-04-14T16:38:36.240Z [INFO]: Client desconnectat: client_1776182083098_v0fxuwz5m
2026-04-14T16:41:51.202Z [INFO]: Servidor WebSocket escoltant al port 8080
2026-04-14T16:41:51.210Z [INFO]: Connectat a MongoDB
2026-04-14T16:42:02.180Z [INFO]: Nou client connectat: client_1776184922180_b0kw4hn50
2026-04-14T16:42:04.165Z [INFO]: Missatge rebut de client_1776184922180_b0kw4hn50: {"tipus":"moviment","x":0,"y":-1}
2026-04-14T16:42:04.165Z [INFO]: Nova partida partida_1776184924165_1 per al client client_1776184922180_b0kw4hn50
2026-04-14T16:42:04.804Z [INFO]: Missatge rebut de client_1776184922180_b0kw4hn50: {"tipus":"moviment","x":1,"y":-1}
2026-04-14T16:42:05.398Z [INFO]: Missatge rebut de client_1776184922180_b0kw4hn50: {"tipus":"moviment","x":1,"y":0}
2026-04-14T16:42:05.927Z [INFO]: Missatge rebut de client_1776184922180_b0kw4hn50: {"tipus":"moviment","x":1,"y":-1}
2026-04-14T16:42:06.359Z [INFO]: Missatge rebut de client_1776184922180_b0kw4hn50: {"tipus":"moviment","x":0,"y":-1}
2026-04-14T16:42:06.716Z [INFO]: Missatge rebut de client_1776184922180_b0kw4hn50: {"tipus":"moviment","x":0,"y":-2}
2026-04-14T16:42:06.984Z [INFO]: Missatge rebut de client_1776184922180_b0kw4hn50: {"tipus":"moviment","x":1,"y":-2}
2026-04-14T16:42:07.168Z [INFO]: Missatge rebut de client_1776184922180_b0kw4hn50: {"tipus":"moviment","x":1,"y":-3}
2026-04-14T16:42:07.382Z [INFO]: Missatge rebut de client_1776184922180_b0kw4hn50: {"tipus":"moviment","x":1,"y":-2}
2026-04-14T16:42:07.496Z [INFO]: Missatge rebut de client_1776184922180_b0kw4hn50: {"tipus":"moviment","x":2,"y":-2}
2026-04-14T16:42:07.566Z [INFO]: Missatge rebut de client_1776184922180_b0kw4hn50: {"tipus":"moviment","x":1,"y":-2}
2026-04-14T16:42:07.756Z [INFO]: Missatge rebut de client_1776184922180_b0kw4hn50: {"tipus":"moviment","x":1,"y":-3}
2026-04-14T16:42:07.761Z [INFO]: Missatge rebut de client_1776184922180_b0kw4hn50: {"tipus":"moviment","x":1,"y":-2}
2026-04-14T16:42:07.879Z [INFO]: Missatge rebut de client_1776184922180_b0kw4hn50: {"tipus":"moviment","x":0,"y":-2}
2026-04-14T16:42:08.113Z [INFO]: Missatge rebut de client_1776184922180_b0kw4hn50: {"tipus":"moviment","x":-1,"y":-2}
2026-04-14T16:42:08.235Z [INFO]: Missatge rebut de client_1776184922180_b0kw4hn50: {"tipus":"moviment","x":0,"y":-2}
2026-04-14T16:42:08.382Z [INFO]: Missatge rebut de client_1776184922180_b0kw4hn50: {"tipus":"moviment","x":-1,"y":-2}
2026-04-14T16:42:08.487Z [INFO]: Missatge rebut de client_1776184922180_b0kw4hn50: {"tipus":"moviment","x":0,"y":-2}
2026-04-14T16:42:08.658Z [INFO]: Missatge rebut de client_1776184922180_b0kw4hn50: {"tipus":"moviment","x":0,"y":-1}
2026-04-14T16:42:08.763Z [INFO]: Missatge rebut de client_1776184922180_b0kw4hn50: {"tipus":"moviment","x":1,"y":-1}
2026-04-14T16:42:08.901Z [INFO]: Missatge rebut de client_1776184922180_b0kw4hn50: {"tipus":"moviment","x":0,"y":-1}
2026-04-14T16:42:09.030Z [INFO]: Missatge rebut de client_1776184922180_b0kw4hn50: {"tipus":"moviment","x":1,"y":-1}
2026-04-14T16:42:09.062Z [INFO]: Missatge rebut de client_1776184922180_b0kw4hn50: {"tipus":"moviment","x":1,"y":0}
2026-04-14T16:42:09.222Z [INFO]: Missatge rebut de client_1776184922180_b0kw4hn50: {"tipus":"moviment","x":1,"y":-1}
2026-04-14T16:42:09.454Z [INFO]: Missatge rebut de client_1776184922180_b0kw4hn50: {"tipus":"moviment","x":0,"y":-1}
2026-04-14T16:42:09.616Z [INFO]: Missatge rebut de client_1776184922180_b0kw4hn50: {"tipus":"moviment","x":0,"y":0}
2026-04-14T16:42:09.783Z [INFO]: Missatge rebut de client_1776184922180_b0kw4hn50: {"tipus":"moviment","x":0,"y":-1}
2026-04-14T16:42:09.836Z [INFO]: Missatge rebut de client_1776184922180_b0kw4hn50: {"tipus":"moviment","x":-1,"y":-1}
2026-04-14T16:42:09.901Z [INFO]: Missatge rebut de client_1776184922180_b0kw4hn50: {"tipus":"moviment","x":0,"y":-1}
2026-04-14T16:42:10.072Z [INFO]: Missatge rebut de client_1776184922180_b0kw4hn50: {"tipus":"moviment","x":-1,"y":-1}
2026-04-14T16:42:10.237Z [INFO]: Missatge rebut de client_1776184922180_b0kw4hn50: {"tipus":"moviment","x":-1,"y":0}
2026-04-14T16:42:10.434Z [INFO]: Missatge rebut de client_1776184922180_b0kw4hn50: {"tipus":"moviment","x":-2,"y":0}
2026-04-14T16:42:10.525Z [INFO]: Missatge rebut de client_1776184922180_b0kw4hn50: {"tipus":"moviment","x":-1,"y":0}
2026-04-14T16:42:10.702Z [INFO]: Missatge rebut de client_1776184922180_b0kw4hn50: {"tipus":"moviment","x":-2,"y":0}
2026-04-14T16:42:10.826Z [INFO]: Missatge rebut de client_1776184922180_b0kw4hn50: {"tipus":"moviment","x":-1,"y":0}
2026-04-14T16:42:10.841Z [INFO]: Missatge rebut de client_1776184922180_b0kw4hn50: {"tipus":"moviment","x":-1,"y":-1}
2026-04-14T16:42:10.991Z [INFO]: Missatge rebut de client_1776184922180_b0kw4hn50: {"tipus":"moviment","x":-2,"y":-1}
2026-04-14T16:42:11.076Z [INFO]: Missatge rebut de client_1776184922180_b0kw4hn50: {"tipus":"moviment","x":-2,"y":0}
2026-04-14T16:42:11.128Z [INFO]: Missatge rebut de client_1776184922180_b0kw4hn50: {"tipus":"moviment","x":-1,"y":0}
2026-04-14T16:42:11.280Z [INFO]: Missatge rebut de client_1776184922180_b0kw4hn50: {"tipus":"moviment","x":-2,"y":0}
2026-04-14T16:42:11.404Z [INFO]: Missatge rebut de client_1776184922180_b0kw4hn50: {"tipus":"moviment","x":-1,"y":0}
2026-04-14T16:42:11.542Z [INFO]: Missatge rebut de client_1776184922180_b0kw4hn50: {"tipus":"moviment","x":-1,"y":-1}
2026-04-14T16:42:11.666Z [INFO]: Missatge rebut de client_1776184922180_b0kw4hn50: {"tipus":"moviment","x":0,"y":-1}
2026-04-14T16:42:11.671Z [INFO]: Missatge rebut de client_1776184922180_b0kw4hn50: {"tipus":"moviment","x":0,"y":0}
2026-04-14T16:42:11.786Z [INFO]: Missatge rebut de client_1776184922180_b0kw4hn50: {"tipus":"moviment","x":0,"y":-1}
2026-04-14T16:42:11.896Z [INFO]: Missatge rebut de client_1776184922180_b0kw4hn50: {"tipus":"moviment","x":1,"y":-1}
2026-04-14T16:42:11.920Z [INFO]: Missatge rebut de client_1776184922180_b0kw4hn50: {"tipus":"moviment","x":1,"y":0}
2026-04-14T16:42:11.955Z [INFO]: Missatge rebut de client_1776184922180_b0kw4hn50: {"tipus":"moviment","x":1,"y":-1}
2026-04-14T16:42:12.074Z [INFO]: Missatge rebut de client_1776184922180_b0kw4hn50: {"tipus":"moviment","x":0,"y":-1}
2026-04-14T16:42:12.780Z [INFO]: Missatge rebut de client_1776184922180_b0kw4hn50: {"tipus":"moviment","x":0,"y":-2}
2026-04-14T16:42:12.801Z [INFO]: Missatge rebut de client_1776184922180_b0kw4hn50: {"tipus":"moviment","x":1,"y":-2}
2026-04-14T16:42:12.830Z [INFO]: Missatge rebut de client_1776184922180_b0kw4hn50: {"tipus":"moviment","x":0,"y":-2}
2026-04-14T16:42:12.977Z [INFO]: Missatge rebut de client_1776184922180_b0kw4hn50: {"tipus":"moviment","x":1,"y":-2}
2026-04-14T16:42:13.025Z [INFO]: Missatge rebut de client_1776184922180_b0kw4hn50: {"tipus":"moviment","x":1,"y":-1}
2026-04-14T16:42:13.147Z [INFO]: Missatge rebut de client_1776184922180_b0kw4hn50: {"tipus":"moviment","x":0,"y":-1}
2026-04-14T16:42:13.317Z [INFO]: Missatge rebut de client_1776184922180_b0kw4hn50: {"tipus":"moviment","x":1,"y":-1}
2026-04-14T16:42:13.321Z [INFO]: Missatge rebut de client_1776184922180_b0kw4hn50: {"tipus":"moviment","x":1,"y":0}
2026-04-14T16:42:13.451Z [INFO]: Missatge rebut de client_1776184922180_b0kw4hn50: {"tipus":"moviment","x":0,"y":0}
2026-04-14T16:42:13.576Z [INFO]: Missatge rebut de client_1776184922180_b0kw4hn50: {"tipus":"moviment","x":1,"y":0}
2026-04-14T16:42:13.682Z [INFO]: Missatge rebut de client_1776184922180_b0kw4hn50: {"tipus":"moviment","x":1,"y":1}
2026-04-14T16:42:13.739Z [INFO]: Missatge rebut de client_1776184922180_b0kw4hn50: {"tipus":"moviment","x":0,"y":1}
2026-04-14T16:42:13.826Z [INFO]: Missatge rebut de client_1776184922180_b0kw4hn50: {"tipus":"moviment","x":0,"y":0}
2026-04-14T16:42:13.985Z [INFO]: Missatge rebut de client_1776184922180_b0kw4hn50: {"tipus":"moviment","x":-1,"y":0}
2026-04-14T16:42:14.129Z [INFO]: Missatge rebut de client_1776184922180_b0kw4hn50: {"tipus":"moviment","x":-1,"y":1}
2026-04-14T16:42:14.132Z [INFO]: Missatge rebut de client_1776184922180_b0kw4hn50: {"tipus":"moviment","x":0,"y":1}
2026-04-14T16:42:14.293Z [INFO]: Missatge rebut de client_1776184922180_b0kw4hn50: {"tipus":"moviment","x":-1,"y":1}
2026-04-14T16:42:14.597Z [INFO]: Missatge rebut de client_1776184922180_b0kw4hn50: {"tipus":"moviment","x":-2,"y":1}
2026-04-14T16:42:14.683Z [INFO]: Missatge rebut de client_1776184922180_b0kw4hn50: {"tipus":"moviment","x":-1,"y":1}
2026-04-14T16:42:14.698Z [INFO]: Missatge rebut de client_1776184922180_b0kw4hn50: {"tipus":"moviment","x":-1,"y":0}
2026-04-14T16:42:15.149Z [INFO]: Missatge rebut de client_1776184922180_b0kw4hn50: {"tipus":"moviment","x":-2,"y":0}
2026-04-14T16:42:15.187Z [INFO]: Missatge rebut de client_1776184922180_b0kw4hn50: {"tipus":"moviment","x":-1,"y":0}
2026-04-14T16:42:15.581Z [INFO]: Missatge rebut de client_1776184922180_b0kw4hn50: {"tipus":"moviment","x":-1,"y":1}
2026-04-14T16:42:16.033Z [INFO]: Missatge rebut de client_1776184922180_b0kw4hn50: {"tipus":"moviment","x":-2,"y":1}
2026-04-14T16:42:16.535Z [INFO]: Missatge rebut de client_1776184922180_b0kw4hn50: {"tipus":"moviment","x":-3,"y":1}
2026-04-14T16:42:16.564Z [INFO]: Missatge rebut de client_1776184922180_b0kw4hn50: {"tipus":"moviment","x":-4,"y":1}
2026-04-14T16:42:16.596Z [INFO]: Missatge rebut de client_1776184922180_b0kw4hn50: {"tipus":"moviment","x":-5,"y":1}
2026-04-14T16:42:16.624Z [INFO]: Missatge rebut de client_1776184922180_b0kw4hn50: {"tipus":"moviment","x":-6,"y":1}
2026-04-14T16:42:16.667Z [INFO]: Missatge rebut de client_1776184922180_b0kw4hn50: {"tipus":"moviment","x":-7,"y":1}
2026-04-14T16:42:16.686Z [INFO]: Missatge rebut de client_1776184922180_b0kw4hn50: {"tipus":"moviment","x":-8,"y":1}
2026-04-14T16:42:16.715Z [INFO]: Missatge rebut de client_1776184922180_b0kw4hn50: {"tipus":"moviment","x":-9,"y":1}
2026-04-14T16:42:16.745Z [INFO]: Missatge rebut de client_1776184922180_b0kw4hn50: {"tipus":"moviment","x":-10,"y":1}
2026-04-14T16:42:16.775Z [INFO]: Missatge rebut de client_1776184922180_b0kw4hn50: {"tipus":"moviment","x":-11,"y":1}
2026-04-14T16:42:16.809Z [INFO]: Missatge rebut de client_1776184922180_b0kw4hn50: {"tipus":"moviment","x":-12,"y":1}
2026-04-14T16:42:16.837Z [INFO]: Missatge rebut de client_1776184922180_b0kw4hn50: {"tipus":"moviment","x":-13,"y":1}
2026-04-14T16:42:16.866Z [INFO]: Missatge rebut de client_1776184922180_b0kw4hn50: {"tipus":"moviment","x":-14,"y":1}
2026-04-14T16:42:16.895Z [INFO]: Missatge rebut de client_1776184922180_b0kw4hn50: {"tipus":"moviment","x":-15,"y":1}
2026-04-14T16:42:16.931Z [INFO]: Missatge rebut de client_1776184922180_b0kw4hn50: {"tipus":"moviment","x":-16,"y":1}
2026-04-14T16:42:16.968Z [INFO]: Missatge rebut de client_1776184922180_b0kw4hn50: {"tipus":"moviment","x":-17,"y":1}
2026-04-14T16:42:16.996Z [INFO]: Missatge rebut de client_1776184922180_b0kw4hn50: {"tipus":"moviment","x":-18,"y":1}
2026-04-14T16:42:17.017Z [INFO]: Missatge rebut de client_1776184922180_b0kw4hn50: {"tipus":"moviment","x":-19,"y":1}
2026-04-14T16:42:17.046Z [INFO]: Missatge rebut de client_1776184922180_b0kw4hn50: {"tipus":"moviment","x":-20,"y":1}
2026-04-14T16:42:17.080Z [INFO]: Missatge rebut de client_1776184922180_b0kw4hn50: {"tipus":"moviment","x":-21,"y":1}
2026-04-14T16:42:17.112Z [INFO]: Missatge rebut de client_1776184922180_b0kw4hn50: {"tipus":"moviment","x":-22,"y":1}
2026-04-14T16:42:17.147Z [INFO]: Missatge rebut de client_1776184922180_b0kw4hn50: {"tipus":"moviment","x":-23,"y":1}
2026-04-14T16:42:17.168Z [INFO]: Missatge rebut de client_1776184922180_b0kw4hn50: {"tipus":"moviment","x":-24,"y":1}
2026-04-14T16:42:17.197Z [INFO]: Missatge rebut de client_1776184922180_b0kw4hn50: {"tipus":"moviment","x":-25,"y":1}
2026-04-14T16:42:17.230Z [INFO]: Missatge rebut de client_1776184922180_b0kw4hn50: {"tipus":"moviment","x":-26,"y":1}
2026-04-14T16:42:17.260Z [INFO]: Missatge rebut de client_1776184922180_b0kw4hn50: {"tipus":"moviment","x":-27,"y":1}
2026-04-14T16:42:17.296Z [INFO]: Missatge rebut de client_1776184922180_b0kw4hn50: {"tipus":"moviment","x":-28,"y":1}
2026-04-14T16:42:17.319Z [INFO]: Missatge rebut de client_1776184922180_b0kw4hn50: {"tipus":"moviment","x":-29,"y":1}
2026-04-14T16:42:17.348Z [INFO]: Missatge rebut de client_1776184922180_b0kw4hn50: {"tipus":"moviment","x":-30,"y":1}
2026-04-14T16:42:17.378Z [INFO]: Missatge rebut de client_1776184922180_b0kw4hn50: {"tipus":"moviment","x":-31,"y":1}
2026-04-14T16:42:17.408Z [INFO]: Missatge rebut de client_1776184922180_b0kw4hn50: {"tipus":"moviment","x":-32,"y":1}
2026-04-14T16:42:17.439Z [INFO]: Missatge rebut de client_1776184922180_b0kw4hn50: {"tipus":"moviment","x":-33,"y":1}
2026-04-14T16:42:17.468Z [INFO]: Missatge rebut de client_1776184922180_b0kw4hn50: {"tipus":"moviment","x":-34,"y":1}
2026-04-14T16:42:17.498Z [INFO]: Missatge rebut de client_1776184922180_b0kw4hn50: {"tipus":"moviment","x":-35,"y":1}
2026-04-14T16:42:17.529Z [INFO]: Missatge rebut de client_1776184922180_b0kw4hn50: {"tipus":"moviment","x":-36,"y":1}
2026-04-14T16:42:17.564Z [INFO]: Missatge rebut de client_1776184922180_b0kw4hn50: {"tipus":"moviment","x":-37,"y":1}
2026-04-14T16:42:17.598Z [INFO]: Missatge rebut de client_1776184922180_b0kw4hn50: {"tipus":"moviment","x":-38,"y":1}
2026-04-14T16:42:17.620Z [INFO]: Missatge rebut de client_1776184922180_b0kw4hn50: {"tipus":"moviment","x":-39,"y":1}
2026-04-14T16:42:17.650Z [INFO]: Missatge rebut de client_1776184922180_b0kw4hn50: {"tipus":"moviment","x":-40,"y":1}
2026-04-14T16:42:17.680Z [INFO]: Missatge rebut de client_1776184922180_b0kw4hn50: {"tipus":"moviment","x":-41,"y":1}
2026-04-14T16:42:17.713Z [INFO]: Missatge rebut de client_1776184922180_b0kw4hn50: {"tipus":"moviment","x":-42,"y":1}
2026-04-14T16:42:17.746Z [INFO]: Missatge rebut de client_1776184922180_b0kw4hn50: {"tipus":"moviment","x":-43,"y":1}
2026-04-14T16:42:17.780Z [INFO]: Missatge rebut de client_1776184922180_b0kw4hn50: {"tipus":"moviment","x":-44,"y":1}
2026-04-14T16:42:17.800Z [INFO]: Missatge rebut de client_1776184922180_b0kw4hn50: {"tipus":"moviment","x":-45,"y":1}
2026-04-14T16:42:17.829Z [INFO]: Missatge rebut de client_1776184922180_b0kw4hn50: {"tipus":"moviment","x":-46,"y":1}
2026-04-14T16:42:17.864Z [INFO]: Missatge rebut de client_1776184922180_b0kw4hn50: {"tipus":"moviment","x":-47,"y":1}
2026-04-14T16:42:17.897Z [INFO]: Missatge rebut de client_1776184922180_b0kw4hn50: {"tipus":"moviment","x":-48,"y":1}
2026-04-14T16:42:17.930Z [INFO]: Missatge rebut de client_1776184922180_b0kw4hn50: {"tipus":"moviment","x":-49,"y":1}
2026-04-14T16:42:17.951Z [INFO]: Missatge rebut de client_1776184922180_b0kw4hn50: {"tipus":"moviment","x":-50,"y":1}
2026-04-14T16:42:17.980Z [INFO]: Missatge rebut de client_1776184922180_b0kw4hn50: {"tipus":"moviment","x":-51,"y":1}
2026-04-14T16:42:18.014Z [INFO]: Missatge rebut de client_1776184922180_b0kw4hn50: {"tipus":"moviment","x":-52,"y":1}
2026-04-14T16:42:18.040Z [INFO]: Missatge rebut de client_1776184922180_b0kw4hn50: {"tipus":"moviment","x":-53,"y":1}
2026-04-14T16:42:18.081Z [INFO]: Missatge rebut de client_1776184922180_b0kw4hn50: {"tipus":"moviment","x":-54,"y":1}
2026-04-14T16:42:18.100Z [INFO]: Missatge rebut de client_1776184922180_b0kw4hn50: {"tipus":"moviment","x":-55,"y":1}
2026-04-14T16:42:18.133Z [INFO]: Missatge rebut de client_1776184922180_b0kw4hn50: {"tipus":"moviment","x":-56,"y":1}
2026-04-14T16:42:18.160Z [INFO]: Missatge rebut de client_1776184922180_b0kw4hn50: {"tipus":"moviment","x":-57,"y":1}
2026-04-14T16:42:18.194Z [INFO]: Missatge rebut de client_1776184922180_b0kw4hn50: {"tipus":"moviment","x":-58,"y":1}
2026-04-14T16:42:18.223Z [INFO]: Missatge rebut de client_1776184922180_b0kw4hn50: {"tipus":"moviment","x":-59,"y":1}
2026-04-14T16:42:18.250Z [INFO]: Missatge rebut de client_1776184922180_b0kw4hn50: {"tipus":"moviment","x":-60,"y":1}
2026-04-14T16:42:18.280Z [INFO]: Missatge rebut de client_1776184922180_b0kw4hn50: {"tipus":"moviment","x":-61,"y":1}
2026-04-14T16:42:18.311Z [INFO]: Missatge rebut de client_1776184922180_b0kw4hn50: {"tipus":"moviment","x":-62,"y":1}
2026-04-14T16:42:18.341Z [INFO]: Missatge rebut de client_1776184922180_b0kw4hn50: {"tipus":"moviment","x":-63,"y":1}
2026-04-14T16:42:18.373Z [INFO]: Missatge rebut de client_1776184922180_b0kw4hn50: {"tipus":"moviment","x":-64,"y":1}
2026-04-14T16:42:18.401Z [INFO]: Missatge rebut de client_1776184922180_b0kw4hn50: {"tipus":"moviment","x":-65,"y":1}
2026-04-14T16:42:18.430Z [INFO]: Missatge rebut de client_1776184922180_b0kw4hn50: {"tipus":"moviment","x":-66,"y":1}
2026-04-14T16:42:18.617Z [INFO]: Missatge rebut de client_1776184922180_b0kw4hn50: {"tipus":"moviment","x":-65,"y":1}
2026-04-14T16:42:19.119Z [INFO]: Missatge rebut de client_1776184922180_b0kw4hn50: {"tipus":"moviment","x":-64,"y":1}
2026-04-14T16:42:19.148Z [INFO]: Missatge rebut de client_1776184922180_b0kw4hn50: {"tipus":"moviment","x":-63,"y":1}
2026-04-14T16:42:19.182Z [INFO]: Missatge rebut de client_1776184922180_b0kw4hn50: {"tipus":"moviment","x":-62,"y":1}
2026-04-14T16:42:19.213Z [INFO]: Missatge rebut de client_1776184922180_b0kw4hn50: {"tipus":"moviment","x":-61,"y":1}
2026-04-14T16:42:19.240Z [INFO]: Missatge rebut de client_1776184922180_b0kw4hn50: {"tipus":"moviment","x":-60,"y":1}
2026-04-14T16:42:19.267Z [INFO]: Missatge rebut de client_1776184922180_b0kw4hn50: {"tipus":"moviment","x":-59,"y":1}
2026-04-14T16:42:19.298Z [INFO]: Missatge rebut de client_1776184922180_b0kw4hn50: {"tipus":"moviment","x":-58,"y":1}
2026-04-14T16:42:19.328Z [INFO]: Missatge rebut de client_1776184922180_b0kw4hn50: {"tipus":"moviment","x":-57,"y":1}
2026-04-14T16:42:19.360Z [INFO]: Missatge rebut de client_1776184922180_b0kw4hn50: {"tipus":"moviment","x":-56,"y":1}
2026-04-14T16:42:19.391Z [INFO]: Missatge rebut de client_1776184922180_b0kw4hn50: {"tipus":"moviment","x":-55,"y":1}
2026-04-14T16:42:19.420Z [INFO]: Missatge rebut de client_1776184922180_b0kw4hn50: {"tipus":"moviment","x":-54,"y":1}
2026-04-14T16:42:19.450Z [INFO]: Missatge rebut de client_1776184922180_b0kw4hn50: {"tipus":"moviment","x":-53,"y":1}
2026-04-14T16:42:19.480Z [INFO]: Missatge rebut de client_1776184922180_b0kw4hn50: {"tipus":"moviment","x":-52,"y":1}
2026-04-14T16:42:19.510Z [INFO]: Missatge rebut de client_1776184922180_b0kw4hn50: {"tipus":"moviment","x":-51,"y":1}
2026-04-14T16:42:19.541Z [INFO]: Missatge rebut de client_1776184922180_b0kw4hn50: {"tipus":"moviment","x":-50,"y":1}
2026-04-14T16:42:19.574Z [INFO]: Missatge rebut de client_1776184922180_b0kw4hn50: {"tipus":"moviment","x":-49,"y":1}
2026-04-14T16:42:19.601Z [INFO]: Missatge rebut de client_1776184922180_b0kw4hn50: {"tipus":"moviment","x":-48,"y":1}
2026-04-14T16:42:19.631Z [INFO]: Missatge rebut de client_1776184922180_b0kw4hn50: {"tipus":"moviment","x":-47,"y":1}
2026-04-14T16:42:19.661Z [INFO]: Missatge rebut de client_1776184922180_b0kw4hn50: {"tipus":"moviment","x":-46,"y":1}
2026-04-14T16:42:19.692Z [INFO]: Missatge rebut de client_1776184922180_b0kw4hn50: {"tipus":"moviment","x":-45,"y":1}
2026-04-14T16:42:19.724Z [INFO]: Missatge rebut de client_1776184922180_b0kw4hn50: {"tipus":"moviment","x":-44,"y":1}
2026-04-14T16:42:19.752Z [INFO]: Missatge rebut de client_1776184922180_b0kw4hn50: {"tipus":"moviment","x":-43,"y":1}
2026-04-14T16:42:19.782Z [INFO]: Missatge rebut de client_1776184922180_b0kw4hn50: {"tipus":"moviment","x":-42,"y":1}
2026-04-14T16:42:19.812Z [INFO]: Missatge rebut de client_1776184922180_b0kw4hn50: {"tipus":"moviment","x":-41,"y":1}
2026-04-14T16:42:19.842Z [INFO]: Missatge rebut de client_1776184922180_b0kw4hn50: {"tipus":"moviment","x":-40,"y":1}
2026-04-14T16:42:19.875Z [INFO]: Missatge rebut de client_1776184922180_b0kw4hn50: {"tipus":"moviment","x":-39,"y":1}
2026-04-14T16:42:19.907Z [INFO]: Missatge rebut de client_1776184922180_b0kw4hn50: {"tipus":"moviment","x":-38,"y":1}
2026-04-14T16:42:19.933Z [INFO]: Missatge rebut de client_1776184922180_b0kw4hn50: {"tipus":"moviment","x":-37,"y":1}
2026-04-14T16:42:19.964Z [INFO]: Missatge rebut de client_1776184922180_b0kw4hn50: {"tipus":"moviment","x":-36,"y":1}
2026-04-14T16:42:19.993Z [INFO]: Missatge rebut de client_1776184922180_b0kw4hn50: {"tipus":"moviment","x":-35,"y":1}
2026-04-14T16:42:20.024Z [INFO]: Missatge rebut de client_1776184922180_b0kw4hn50: {"tipus":"moviment","x":-34,"y":1}
2026-04-14T16:42:20.057Z [INFO]: Missatge rebut de client_1776184922180_b0kw4hn50: {"tipus":"moviment","x":-33,"y":1}
2026-04-14T16:42:20.084Z [INFO]: Missatge rebut de client_1776184922180_b0kw4hn50: {"tipus":"moviment","x":-32,"y":1}
2026-04-14T16:42:20.114Z [INFO]: Missatge rebut de client_1776184922180_b0kw4hn50: {"tipus":"moviment","x":-31,"y":1}
2026-04-14T16:42:20.143Z [INFO]: Missatge rebut de client_1776184922180_b0kw4hn50: {"tipus":"moviment","x":-30,"y":1}
2026-04-14T16:42:20.174Z [INFO]: Missatge rebut de client_1776184922180_b0kw4hn50: {"tipus":"moviment","x":-29,"y":1}
2026-04-14T16:42:20.207Z [INFO]: Missatge rebut de client_1776184922180_b0kw4hn50: {"tipus":"moviment","x":-28,"y":1}
2026-04-14T16:42:20.234Z [INFO]: Missatge rebut de client_1776184922180_b0kw4hn50: {"tipus":"moviment","x":-27,"y":1}
2026-04-14T16:42:20.264Z [INFO]: Missatge rebut de client_1776184922180_b0kw4hn50: {"tipus":"moviment","x":-26,"y":1}
2026-04-14T16:42:20.293Z [INFO]: Missatge rebut de client_1776184922180_b0kw4hn50: {"tipus":"moviment","x":-25,"y":1}
2026-04-14T16:42:20.324Z [INFO]: Missatge rebut de client_1776184922180_b0kw4hn50: {"tipus":"moviment","x":-24,"y":1}
2026-04-14T16:42:20.355Z [INFO]: Missatge rebut de client_1776184922180_b0kw4hn50: {"tipus":"moviment","x":-23,"y":1}
2026-04-14T16:42:20.385Z [INFO]: Missatge rebut de client_1776184922180_b0kw4hn50: {"tipus":"moviment","x":-22,"y":1}
2026-04-14T16:42:20.416Z [INFO]: Missatge rebut de client_1776184922180_b0kw4hn50: {"tipus":"moviment","x":-21,"y":1}
2026-04-14T16:42:20.448Z [INFO]: Missatge rebut de client_1776184922180_b0kw4hn50: {"tipus":"moviment","x":-20,"y":1}
2026-04-14T16:42:20.483Z [INFO]: Missatge rebut de client_1776184922180_b0kw4hn50: {"tipus":"moviment","x":-19,"y":1}
2026-04-14T16:42:20.515Z [INFO]: Missatge rebut de client_1776184922180_b0kw4hn50: {"tipus":"moviment","x":-18,"y":1}
2026-04-14T16:42:20.536Z [INFO]: Missatge rebut de client_1776184922180_b0kw4hn50: {"tipus":"moviment","x":-17,"y":1}
2026-04-14T16:42:20.564Z [INFO]: Missatge rebut de client_1776184922180_b0kw4hn50: {"tipus":"moviment","x":-16,"y":1}
2026-04-14T16:42:20.599Z [INFO]: Missatge rebut de client_1776184922180_b0kw4hn50: {"tipus":"moviment","x":-15,"y":1}
2026-04-14T16:42:20.632Z [INFO]: Missatge rebut de client_1776184922180_b0kw4hn50: {"tipus":"moviment","x":-14,"y":1}
2026-04-14T16:42:20.666Z [INFO]: Missatge rebut de client_1776184922180_b0kw4hn50: {"tipus":"moviment","x":-13,"y":1}
2026-04-14T16:42:20.686Z [INFO]: Missatge rebut de client_1776184922180_b0kw4hn50: {"tipus":"moviment","x":-12,"y":1}
2026-04-14T16:42:20.718Z [INFO]: Missatge rebut de client_1776184922180_b0kw4hn50: {"tipus":"moviment","x":-11,"y":1}
2026-04-14T16:42:20.745Z [INFO]: Missatge rebut de client_1776184922180_b0kw4hn50: {"tipus":"moviment","x":-10,"y":1}
2026-04-14T16:42:20.782Z [INFO]: Missatge rebut de client_1776184922180_b0kw4hn50: {"tipus":"moviment","x":-9,"y":1}
2026-04-14T16:42:20.815Z [INFO]: Missatge rebut de client_1776184922180_b0kw4hn50: {"tipus":"moviment","x":-8,"y":1}
2026-04-14T16:42:20.837Z [INFO]: Missatge rebut de client_1776184922180_b0kw4hn50: {"tipus":"moviment","x":-7,"y":1}
2026-04-14T16:42:20.865Z [INFO]: Missatge rebut de client_1776184922180_b0kw4hn50: {"tipus":"moviment","x":-6,"y":1}
2026-04-14T16:42:20.898Z [INFO]: Missatge rebut de client_1776184922180_b0kw4hn50: {"tipus":"moviment","x":-5,"y":1}
2026-04-14T16:42:20.933Z [INFO]: Missatge rebut de client_1776184922180_b0kw4hn50: {"tipus":"moviment","x":-4,"y":1}
2026-04-14T16:42:20.962Z [INFO]: Missatge rebut de client_1776184922180_b0kw4hn50: {"tipus":"moviment","x":-3,"y":1}
2026-04-14T16:42:20.987Z [INFO]: Missatge rebut de client_1776184922180_b0kw4hn50: {"tipus":"moviment","x":-2,"y":1}
2026-04-14T16:42:21.016Z [INFO]: Missatge rebut de client_1776184922180_b0kw4hn50: {"tipus":"moviment","x":-1,"y":1}
2026-04-14T16:42:21.046Z [INFO]: Missatge rebut de client_1776184922180_b0kw4hn50: {"tipus":"moviment","x":0,"y":1}
2026-04-14T16:42:21.081Z [INFO]: Missatge rebut de client_1776184922180_b0kw4hn50: {"tipus":"moviment","x":1,"y":1}
2026-04-14T16:42:21.116Z [INFO]: Missatge rebut de client_1776184922180_b0kw4hn50: {"tipus":"moviment","x":2,"y":1}
2026-04-14T16:42:21.137Z [INFO]: Missatge rebut de client_1776184922180_b0kw4hn50: {"tipus":"moviment","x":3,"y":1}
2026-04-14T16:42:21.166Z [INFO]: Missatge rebut de client_1776184922180_b0kw4hn50: {"tipus":"moviment","x":4,"y":1}
2026-04-14T16:42:21.198Z [INFO]: Missatge rebut de client_1776184922180_b0kw4hn50: {"tipus":"moviment","x":5,"y":1}
2026-04-14T16:42:21.232Z [INFO]: Missatge rebut de client_1776184922180_b0kw4hn50: {"tipus":"moviment","x":6,"y":1}
2026-04-14T16:42:21.266Z [INFO]: Missatge rebut de client_1776184922180_b0kw4hn50: {"tipus":"moviment","x":7,"y":1}
2026-04-14T16:42:21.288Z [INFO]: Missatge rebut de client_1776184922180_b0kw4hn50: {"tipus":"moviment","x":8,"y":1}
2026-04-14T16:42:21.317Z [INFO]: Missatge rebut de client_1776184922180_b0kw4hn50: {"tipus":"moviment","x":9,"y":1}
2026-04-14T16:42:21.488Z [INFO]: Missatge rebut de client_1776184922180_b0kw4hn50: {"tipus":"moviment","x":9,"y":0}
2026-04-14T16:42:21.492Z [INFO]: Missatge rebut de client_1776184922180_b0kw4hn50: {"tipus":"moviment","x":9,"y":1}
2026-04-14T16:42:21.995Z [INFO]: Missatge rebut de client_1776184922180_b0kw4hn50: {"tipus":"moviment","x":9,"y":2}
2026-04-14T16:42:22.024Z [INFO]: Missatge rebut de client_1776184922180_b0kw4hn50: {"tipus":"moviment","x":9,"y":3}
2026-04-14T16:42:32.026Z [INFO]: Partida partida_1776184924165_1 finalitzada. Distància: 9.85
2026-04-14T16:46:11.452Z [INFO]: Client desconnectat: client_1776184922180_b0kw4hn50
2026-04-14T16:53:39.983Z [INFO]: Nou client connectat: client_1776185619983_5fis61ksy
2026-04-14T16:53:42.177Z [INFO]: Client desconnectat: client_1776185619983_5fis61ksy
2026-04-14T17:14:04.905Z [INFO]: Servidor WebSocket escoltant al port 8080
2026-04-14T17:14:04.912Z [INFO]: Connectat a MongoDB
2026-04-14T17:14:19.420Z [INFO]: Nou client connectat: client_1776186859420_vekuqwtxn
2026-04-14T17:14:21.885Z [INFO]: Missatge rebut de client_1776186859420_vekuqwtxn: {"tipus":"moviment","x":0,"y":1}
2026-04-14T17:14:21.885Z [INFO]: Nova partida partida_1776186861885_1 per al client client_1776186859420_vekuqwtxn
2026-04-14T17:14:22.080Z [INFO]: Missatge rebut de client_1776186859420_vekuqwtxn: {"tipus":"moviment","x":0,"y":0}
2026-04-14T17:14:22.611Z [INFO]: Missatge rebut de client_1776186859420_vekuqwtxn: {"tipus":"moviment","x":1,"y":0}
2026-04-14T17:14:22.854Z [INFO]: Missatge rebut de client_1776186859420_vekuqwtxn: {"tipus":"moviment","x":2,"y":0}
2026-04-14T17:14:23.150Z [INFO]: Missatge rebut de client_1776186859420_vekuqwtxn: {"tipus":"moviment","x":1,"y":0}
2026-04-14T17:14:23.399Z [INFO]: Missatge rebut de client_1776186859420_vekuqwtxn: {"tipus":"moviment","x":1,"y":-1}
2026-04-14T17:14:23.594Z [INFO]: Missatge rebut de client_1776186859420_vekuqwtxn: {"tipus":"moviment","x":1,"y":-2}
2026-04-14T17:14:23.772Z [INFO]: Missatge rebut de client_1776186859420_vekuqwtxn: {"tipus":"moviment","x":1,"y":-1}
2026-04-14T17:14:24.024Z [INFO]: Missatge rebut de client_1776186859420_vekuqwtxn: {"tipus":"moviment","x":0,"y":-1}
2026-04-14T17:14:24.231Z [INFO]: Missatge rebut de client_1776186859420_vekuqwtxn: {"tipus":"moviment","x":1,"y":-1}
2026-04-14T17:14:24.430Z [INFO]: Missatge rebut de client_1776186859420_vekuqwtxn: {"tipus":"moviment","x":1,"y":0}
2026-04-14T17:14:34.436Z [INFO]: Partida partida_1776186861885_1 finalitzada. Distància: 1.41
